<?xml version="1.0" encoding="UTF-8"?>
<testsuites>
    <testsuite name="google-search-testing;google-search-for-ceo-of-fidelity" tests="3" failures="0" skipped="0">
        <properties>
            <property name="URI" value="D:/Run2_Restful_Services/Node_JavaScript/RESTfulServicesSolutions/Chapter12/QA_GoogleSearchFeature/features/google-search.feature">
            </property>
        </properties>
        <testcase name="Given I have internet available" classname="google-search-testing;google-search-for-ceo-of-fidelity" time="0.027837401">
        </testcase>
        <testcase name="When I search Google for &quot;CEO of Fidelity Investments&quot;" classname="google-search-testing;google-search-for-ceo-of-fidelity" time="6.9214835">
        </testcase>
        <testcase name="Then I should see &quot;Abigail Johnson&quot; in the result" classname="google-search-testing;google-search-for-ceo-of-fidelity" time="0.3718658">
        </testcase>
    </testsuite>
    <testsuite name="google-search-testing;i-evaluate-search-for-product-of-7*6" tests="2" failures="0" skipped="0">
        <properties>
            <property name="URI" value="D:/Run2_Restful_Services/Node_JavaScript/RESTfulServicesSolutions/Chapter12/QA_GoogleSearchFeature/features/google-search.feature">
            </property>
        </properties>
        <testcase name="When I enter &quot;7*6&quot; in input" classname="google-search-testing;i-evaluate-search-for-product-of-7*6" time="5.4813242">
        </testcase>
        <testcase name="Then I get &quot;42&quot; in the result" classname="google-search-testing;i-evaluate-search-for-product-of-7*6" time="0.067509701">
        </testcase>
    </testsuite>
</testsuites>